0 info it worked if it ends with ok
1 verbose cli [ 'C:\\Program Files\\nodejs\\node.exe',
1 verbose cli   'C:\\Users\\Denis\\AppData\\Roaming\\npm\\node_modules\\npm\\bin\\npm-cli.js',
1 verbose cli   'run',
1 verbose cli   'json' ]
2 info using npm@3.10.9
3 info using node@v6.10.0
4 verbose run-script [ 'prejson', 'json', 'postjson' ]
5 info lifecycle myapp@1.0.0~prejson: myapp@1.0.0
6 silly lifecycle myapp@1.0.0~prejson: no script for prejson, continuing
7 info lifecycle myapp@1.0.0~json: myapp@1.0.0
8 verbose lifecycle myapp@1.0.0~json: unsafe-perm in lifecycle true
9 verbose lifecycle myapp@1.0.0~json: PATH: C:\Users\Denis\AppData\Roaming\npm\node_modules\npm\bin\node-gyp-bin;C:\Users\Denis\Desktop\myapp\node_modules\.bin;C:\Users\Denis\AppData\Roaming\npm\node_modules\npm\bin\node-gyp-bin;C:\Users\Denis\Desktop\myapp\node_modules\.bin;C:\Users\Denis\bin;C:\Program Files\Git\mingw64\bin;C:\Program Files\Git\usr\local\bin;C:\Program Files\Git\usr\bin;C:\Program Files\Git\usr\bin;C:\Program Files\Git\mingw64\bin;C:\Program Files\Git\usr\bin;C:\Users\Denis\bin;C:\ProgramData\Oracle\Java\javapath;C:\Program Files\ImageMagick-7.0.1-Q16;C:\Program Files\ImageMagick-6.9.4-Q8;C:\Program Files\Java\jdk1.8.0_51\bin;C:\Python34;C:\Python34\Scripts;C:\Program Files (x86)\Intel\iCLS Client;C:\Program Files\Intel\iCLS Client;C:\Windows\system32;C:\Windows;C:\Windows\System32\Wbem;C:\Windows\System32\WindowsPowerShell\v1.0;C:\Program Files\Intel\Intel(R) Management Engine Components\DAL;C:\Program Files\Intel\Intel(R) Management Engine Components\IPT;C:\Program Files (x86)\Intel\Intel(R) Management Engine Components\DAL;C:\Program Files (x86)\Intel\Intel(R) Management Engine Components\IPT;C:\wamp\bin\php\php5.5.12;C:\Program Files\Java\jdk1.8.0_31\bin;C:\WINDOWS\system32;C:\WINDOWS;C:\WINDOWS\System32\Wbem;C:\WINDOWS\System32\WindowsPowerShell\v1.0;C:\cmder;C:\xampp\php;C:\Users\Denis\AppData\Roaming\Composer\vendor\bin;C:\Program Files\MySQL\MySQL Server 5.7\bin;C:\ProgramData\ComposerSetup\bin;C:\wamp64\bin\php\php7.0.0;C:\wamp64_old\bin\php\php7.0.10;C:\HashiCorp\Vagrant\bin;C:\Program Files\nodejs;C:\Ruby23\bin;C:\Users\Denis\AppData\Local\scoop\shims;C:\Users\Denis\.dnx\bin;C:\Ruby22-x64\bin;C:\Python34\Lib\site-packages\django\bin;C:\Program Files\Git\usr\bin;C:\Program Files (x86)\Java\jdk1.7.0_55\bin;C:\Users\Denis\AppData\Local\Microsoft\WindowsApps;C:\Program Files (x86)\Microsoft VS Code\bin;C:\Program Files\MongoDB\Server\3.4\bin;C:\Users\Denis\AppData\Roaming\npm;C:\Program Files\Git\usr\bin\vendor_perl;C:\Program Files\Git\usr\bin\core_perl
10 verbose lifecycle myapp@1.0.0~json: CWD: C:\Users\Denis\Desktop\myapp
11 silly lifecycle myapp@1.0.0~json: Args: [ '/d /s /c',
11 silly lifecycle   'json-server data.js -p 3500 -m authMiddleware.js' ]
12 silly lifecycle myapp@1.0.0~json: Returned: code: 1  signal: null
13 info lifecycle myapp@1.0.0~json: Failed to exec json script
14 verbose stack Error: myapp@1.0.0 json: `json-server data.js -p 3500 -m authMiddleware.js`
14 verbose stack Exit status 1
14 verbose stack     at EventEmitter.<anonymous> (C:\Users\Denis\AppData\Roaming\npm\node_modules\npm\lib\utils\lifecycle.js:255:16)
14 verbose stack     at emitTwo (events.js:106:13)
14 verbose stack     at EventEmitter.emit (events.js:191:7)
14 verbose stack     at ChildProcess.<anonymous> (C:\Users\Denis\AppData\Roaming\npm\node_modules\npm\lib\utils\spawn.js:40:14)
14 verbose stack     at emitTwo (events.js:106:13)
14 verbose stack     at ChildProcess.emit (events.js:191:7)
14 verbose stack     at maybeClose (internal/child_process.js:877:16)
14 verbose stack     at Process.ChildProcess._handle.onexit (internal/child_process.js:226:5)
15 verbose pkgid myapp@1.0.0
16 verbose cwd C:\Users\Denis\Desktop\myapp
17 error Windows_NT 10.0.14393
18 error argv "C:\\Program Files\\nodejs\\node.exe" "C:\\Users\\Denis\\AppData\\Roaming\\npm\\node_modules\\npm\\bin\\npm-cli.js" "run" "json"
19 error node v6.10.0
20 error npm  v3.10.9
21 error code ELIFECYCLE
22 error myapp@1.0.0 json: `json-server data.js -p 3500 -m authMiddleware.js`
22 error Exit status 1
23 error Failed at the myapp@1.0.0 json script 'json-server data.js -p 3500 -m authMiddleware.js'.
23 error Make sure you have the latest version of node.js and npm installed.
23 error If you do, this is most likely a problem with the myapp package,
23 error not with npm itself.
23 error Tell the author that this fails on your system:
23 error     json-server data.js -p 3500 -m authMiddleware.js
23 error You can get information on how to open an issue for this project with:
23 error     npm bugs myapp
23 error Or if that isn't available, you can get their info via:
23 error     npm owner ls myapp
23 error There is likely additional logging output above.
24 verbose exit [ 1, true ]
